<?xml version="1.0" encoding="UTF-8"?>
<testng-results skipped="0" failed="0" ignored="0" total="1" passed="1">
  <reporter-output>
  </reporter-output>
  <suite name="Default suite" duration-ms="56" started-at="2023-08-13T07:23:28Z" finished-at="2023-08-13T07:23:28Z">
    <groups>
    </groups>
    <test name="Default test" duration-ms="56" started-at="2023-08-13T07:23:28Z" finished-at="2023-08-13T07:23:28Z">
      <class name="com.tests.DemoTest">
        <test-method status="PASS" signature="test01()[pri:0, instance:com.tests.DemoTest@51b7e5df]" name="test01" duration-ms="12" started-at="2023-08-13T07:23:28Z" finished-at="2023-08-13T07:23:28Z">
          <reporter-output>
          </reporter-output>
        </test-method> <!-- test01 -->
      </class> <!-- com.tests.DemoTest -->
    </test> <!-- Default test -->
  </suite> <!-- Default suite -->
</testng-results>
